[17:02:53] [main/INFO] (Launcher) ModLauncher running: args [--launchTarget, neoforgeclientdev, --version, 21.8.27, --assetIndex, 1.21.8-26, --assetsDir, /Users/fyodorshabalin/.gradle/caches/fabric-loom/assets, --fml.fmlVersion, 9.0.16, --fml.mcVersion, 1.21.8, --fml.neoForgeVersion, 21.8.27, --fml.neoFormVersion, 20250717.133445]
[17:02:53] [main/INFO] (Launcher) JVM identified as Microsoft OpenJDK 64-Bit Server VM 21.0.6+7-LTS
[17:02:53] [main/INFO] (Launcher) ModLauncher 9.0 starting: java version 21.0.6 by Microsoft; OS Mac OS X arch aarch64 version 15.1
[17:02:53] [main/INFO] (ImmediateWindowHandler) Loading ImmediateWindowProvider fmlearlywindow
[17:02:53] [main/WARN] (EARLYDISPLAY) Failed to set window icon: [0x1000C] Cocoa: Regular windows do not have icons on macOS
[17:02:54] [main/INFO] (mixin) SpongePowered MIXIN Subsystem Version=0.8.7 Source=union:/Users/fyodorshabalin/.gradle/caches/modules-2/files-2.1/net.fabricmc/sponge-mixin/0.15.2+mixin.0.8.7/2af2f021d8e02a0220dc27a7a72b4666d66d44ca/sponge-mixin-0.15.2+mixin.0.8.7.jar%23115!/ Service=ModLauncher Env=CLIENT
[17:02:54] [main/INFO] (ModDiscoverer) Found mod file "neoforge-21.8.27-minecraft-merged-1.21.8-loom.mappings.1_21_8.layered+hash.40359-v2-neoforge-21.8.27.jar" [locator: neoforge devenv provider ([/Users/fyodorshabalin/.gradle/caches/fabric-loom/minecraftMaven/net/minecraft/neoforge-21.8.27-minecraft-merged/1.21.8-loom.mappings.1_21_8.layered+hash.40359-v2-neoforge-21.8.27/neoforge-21.8.27-minecraft-merged-1.21.8-loom.mappings.1_21_8.layered+hash.40359-v2-neoforge-21.8.27.jar])]
[17:02:54] [main/INFO] (ModDiscoverer) Found mod file "neoforge-21.8.27-minecraft-merged-1.21.8-loom.mappings.1_21_8.layered+hash.40359-v2-neoforge-21.8.27.jar" [locator: neoforge devenv provider ([/Users/fyodorshabalin/.gradle/caches/fabric-loom/minecraftMaven/net/minecraft/neoforge-21.8.27-minecraft-merged/1.21.8-loom.mappings.1_21_8.layered+hash.40359-v2-neoforge-21.8.27/neoforge-21.8.27-minecraft-merged-1.21.8-loom.mappings.1_21_8.layered+hash.40359-v2-neoforge-21.8.27.jar])]
[17:02:54] [main/INFO] (ModDiscoverer) Found mod file "main" [locator: userdev mods and services, reader: mod manifest]
[17:02:54] [main/INFO] (ModDiscoverer) Found mod file "neoforge-21.8.27-minecraft-merged-1.21.8-loom.mappings.1_21_8.layered+hash.40359-v2-neoforge-21.8.27.jar" [locator: userdev mods and services, reader: mod manifest]
[17:02:54] [main/INFO] (ModDiscoverer) Found mod file "4204557464682795127.jar" [locator: userdev mods and services, reader: mod manifest]
[17:02:54] [main/INFO] (ModDiscoverer) Found gamelibrary file "mixinextras-neoforge-0.5.0.jar" [locator: userdev mods and services, reader: mod manifest]
[17:02:54] [fml-loadingscreen/INFO] (LoadingScreenRenderer) GL info: Apple M4 Pro GL version 4.1 Metal - 89.3, Apple
[17:02:54] [main/WARN] (JarSelector) Attempted to select a dependency jar for JarJar which was passed in as source: library:mixinextras.neoforge. Using Mod File: /Users/fyodorshabalin/.gradle/caches/modules-2/files-2.1/io.github.llamalad7/mixinextras-neoforge/0.5.0/d734b83ce6542bb70ea31755c1595b88992dbe65/mixinextras-neoforge-0.5.0.jar
[17:02:54] [main/INFO] (JarInJarDependencyLocator) Found 1 dependencies adding them to mods collection
[17:02:54] [main/INFO] (ModDiscoverer) Found library file "net.neoforged.neoforge-coremods-21.8.27.jar" [parent: neoforge-21.8.27-minecraft-merged-1.21.8-loom.mappings.1_21_8.layered+hash.40359-v2-neoforge-21.8.27.jar, locator: jarinjar, reader: mod manifest]
[17:02:54] [main/INFO] (ModDiscoverer) 
     Mod List:
		Name Version (Mod Id)

		generated_eea6d1c 1 (generated_eea6d1c)
		Happy Airships 1.1.0 (happy_airships)
		Minecraft 1.21.8 (minecraft)
		NeoForge 21.8.27 (neoforge)
[17:02:54] [main/INFO] (mixin) Compatibility level set to JAVA_21
[17:02:54] [main/INFO] (LaunchServiceHandler) Launching target 'neoforgeclientdev' with arguments [--version, 21.8.27, --assetsDir, /Users/fyodorshabalin/.gradle/caches/fabric-loom/assets, --assetIndex, 1.21.8-26]
[13Aug2025 17:02:54.666] [main/INFO] [unprotect/]: Found 9438 Minecraft classes
[13Aug2025 17:02:55.531] [Datafixer Bootstrap/INFO] [com.mojang.datafixers.DataFixerBuilder/]: 272 Datafixer optimizations took 245 milliseconds
[13Aug2025 17:02:56.255] [pool-10-thread-1/INFO] [MixinExtras|Service/]: Initializing MixinExtras via com.llamalad7.mixinextras.service.MixinExtrasServiceImpl(version=0.5.0).
[13Aug2025 17:02:59.279] [main/WARN] [net.minecraft.commands.Commands/]: Ambiguity between arguments [teleport, location] and [teleport, destination] with inputs: [0.1 -0.5 .9, 0 0 0]
[13Aug2025 17:02:59.280] [main/WARN] [net.minecraft.commands.Commands/]: Ambiguity between arguments [teleport, location] and [teleport, targets] with inputs: [0.1 -0.5 .9, 0 0 0]
[13Aug2025 17:02:59.282] [main/WARN] [net.minecraft.commands.Commands/]: Ambiguity between arguments [teleport, destination] and [teleport, targets] with inputs: [Player, 0123, @e, dd12be42-52a9-4a91-a8a1-11c01849e498]
[13Aug2025 17:02:59.282] [main/WARN] [net.minecraft.commands.Commands/]: Ambiguity between arguments [teleport, targets] and [teleport, destination] with inputs: [Player, 0123, dd12be42-52a9-4a91-a8a1-11c01849e498]
[13Aug2025 17:02:59.283] [main/WARN] [net.minecraft.commands.Commands/]: Ambiguity between arguments [teleport, targets, location] and [teleport, targets, destination] with inputs: [0.1 -0.5 .9, 0 0 0]
[13Aug2025 17:02:59.284] [main/WARN] [net.minecraft.commands.Commands/]: Ambiguity between arguments [waypoint, modify, waypoint, color, reset] and [waypoint, modify, waypoint, color, color] with inputs: [reset]
[13Aug2025 17:02:59.326] [modloading-worker-0/INFO] [net.neoforged.neoforge.common.NeoForgeMod/NEOFORGE-MOD]: NeoForge mod loading, version 21.8.27, for MC 1.21.8
[13Aug2025 17:02:59.644] [Render thread/WARN] [net.minecraft.server.packs.VanillaPackResourcesBuilder/]: Assets URL 'union:/Users/fyodorshabalin/.gradle/caches/fabric-loom/minecraftMaven/net/minecraft/neoforge-21.8.27-minecraft-merged/1.21.8-loom.mappings.1_21_8.layered+hash.40359-v2-neoforge-21.8.27/neoforge-21.8.27-minecraft-merged-1.21.8-loom.mappings.1_21_8.layered+hash.40359-v2-neoforge-21.8.27.jar%23216!/assets/.mcassetsroot' uses unexpected schema
[13Aug2025 17:02:59.645] [Render thread/WARN] [net.minecraft.server.packs.VanillaPackResourcesBuilder/]: Assets URL 'union:/Users/fyodorshabalin/.gradle/caches/fabric-loom/minecraftMaven/net/minecraft/neoforge-21.8.27-minecraft-merged/1.21.8-loom.mappings.1_21_8.layered+hash.40359-v2-neoforge-21.8.27/neoforge-21.8.27-minecraft-merged-1.21.8-loom.mappings.1_21_8.layered+hash.40359-v2-neoforge-21.8.27.jar%23216!/data/.mcassetsroot' uses unexpected schema
[13Aug2025 17:02:59.659] [Render thread/INFO] [com.mojang.authlib.yggdrasil.YggdrasilAuthenticationService/]: Environment: Environment[sessionHost=https://sessionserver.mojang.com, servicesHost=https://api.minecraftservices.com, name=PROD]
[13Aug2025 17:02:59.663] [Render thread/INFO] [net.minecraft.client.Minecraft/]: Setting user: Dev
[13Aug2025 17:02:59.747] [Render thread/INFO] [net.minecraft.client.Minecraft/]: Backend library: LWJGL version 3.3.3+5
[13Aug2025 17:03:00.008] [Render thread/INFO] [net.minecraft.client.Minecraft/]: Using optional rendering extensions: 
[13Aug2025 17:03:00.791] [Render thread/INFO] [net.minecraft.server.packs.resources.ReloadableResourceManager/]: Reloading ResourceManager: vanilla, mod_resources, mod/happy_airships, mod/generated_eea6d1c, mod/neoforge
[13Aug2025 17:03:00.865] [resourceLoad/INFO] [net.minecraft.client.gui.font.providers.UnihexProvider/]: Found unifont_pua-16.0.03.hex, loading
[13Aug2025 17:03:00.868] [resourceLoad/INFO] [net.minecraft.client.gui.font.providers.UnihexProvider/]: Found unifont_all_no_pua-16.0.03.hex, loading
[13Aug2025 17:03:01.037] [resourceLoad/INFO] [net.minecraft.client.gui.font.providers.UnihexProvider/]: Found unifont_jp_patch-16.0.03.hex, loading
[13Aug2025 17:03:01.570] [Render thread/INFO] [com.mojang.blaze3d.opengl.GlProgram/]: Info log when linking program containing VS minecraft:core/entity and FS minecraft:core/entity. Log output: WARNING: Output of vertex shader 'overlayColor' not read by fragment shader

[13Aug2025 17:03:01.576] [Render thread/INFO] [com.mojang.blaze3d.opengl.GlProgram/]: Info log when linking program containing VS minecraft:core/terrain and FS minecraft:core/terrain. Log output: WARNING: Could not find vertex shader attribute 'Normal' to match BindAttributeLocation request.

[13Aug2025 17:03:01.580] [Render thread/INFO] [com.mojang.blaze3d.opengl.GlProgram/]: Info log when linking program containing VS minecraft:core/terrain and FS minecraft:core/terrain. Log output: WARNING: Could not find vertex shader attribute 'Normal' to match BindAttributeLocation request.

[13Aug2025 17:03:01.584] [Render thread/INFO] [com.mojang.blaze3d.opengl.GlProgram/]: Info log when linking program containing VS minecraft:core/entity and FS minecraft:core/entity. Log output: WARNING: Could not find vertex shader attribute 'UV2' to match BindAttributeLocation request.

[13Aug2025 17:03:01.594] [Render thread/INFO] [com.mojang.blaze3d.opengl.GlProgram/]: Info log when linking program containing VS minecraft:core/entity and FS minecraft:core/entity. Log output: WARNING: Output of vertex shader 'overlayColor' not read by fragment shader

[13Aug2025 17:03:01.595] [Render thread/INFO] [com.mojang.blaze3d.opengl.GlProgram/]: Info log when linking program containing VS minecraft:core/terrain and FS minecraft:core/terrain. Log output: WARNING: Could not find vertex shader attribute 'Normal' to match BindAttributeLocation request.

[13Aug2025 17:03:01.598] [Render thread/INFO] [com.mojang.blaze3d.opengl.GlProgram/]: Info log when linking program containing VS minecraft:core/terrain and FS minecraft:core/terrain. Log output: WARNING: Could not find vertex shader attribute 'Normal' to match BindAttributeLocation request.

[13Aug2025 17:03:01.599] [Render thread/INFO] [com.mojang.blaze3d.opengl.GlProgram/]: Info log when linking program containing VS minecraft:core/terrain and FS minecraft:core/terrain. Log output: WARNING: Could not find vertex shader attribute 'Normal' to match BindAttributeLocation request.

[13Aug2025 17:03:01.600] [Render thread/INFO] [com.mojang.blaze3d.opengl.GlProgram/]: Info log when linking program containing VS minecraft:core/entity and FS minecraft:core/entity. Log output: WARNING: Output of vertex shader 'overlayColor' not read by fragment shader

[13Aug2025 17:03:01.601] [Render thread/INFO] [com.mojang.blaze3d.opengl.GlProgram/]: Info log when linking program containing VS minecraft:core/terrain and FS minecraft:core/terrain. Log output: WARNING: Could not find vertex shader attribute 'Normal' to match BindAttributeLocation request.

[13Aug2025 17:03:01.612] [Render thread/INFO] [com.mojang.blaze3d.opengl.GlProgram/]: Info log when linking program containing VS minecraft:core/entity and FS minecraft:core/entity. Log output: WARNING: Could not find vertex shader attribute 'Normal' to match BindAttributeLocation request.
WARNING: Could not find vertex shader attribute 'UV2' to match BindAttributeLocation request.
WARNING: Output of vertex shader 'overlayColor' not read by fragment shader

[13Aug2025 17:03:01.614] [Render thread/INFO] [com.mojang.blaze3d.opengl.GlProgram/]: Info log when linking program containing VS minecraft:core/entity and FS minecraft:core/entity. Log output: WARNING: Could not find vertex shader attribute 'Normal' to match BindAttributeLocation request.
WARNING: Output of vertex shader 'overlayColor' not read by fragment shader

[13Aug2025 17:03:01.616] [Render thread/INFO] [com.mojang.blaze3d.opengl.GlProgram/]: Info log when linking program containing VS minecraft:core/rendertype_text_background_see_through and FS minecraft:core/rendertype_text_background_see_through. Log output: WARNING: Could not find vertex shader attribute 'UV2' to match BindAttributeLocation request.

[13Aug2025 17:03:01.625] [Render thread/INFO] [com.mojang.blaze3d.opengl.GlProgram/]: Info log when linking program containing VS minecraft:core/rendertype_translucent_moving_block and FS minecraft:core/rendertype_translucent_moving_block. Log output: WARNING: Could not find vertex shader attribute 'Normal' to match BindAttributeLocation request.

[13Aug2025 17:03:01.627] [Render thread/INFO] [com.mojang.blaze3d.opengl.GlProgram/]: Info log when linking program containing VS minecraft:core/entity and FS minecraft:core/entity. Log output: WARNING: Could not find vertex shader attribute 'Normal' to match BindAttributeLocation request.
WARNING: Could not find vertex shader attribute 'UV2' to match BindAttributeLocation request.
WARNING: Output of vertex shader 'overlayColor' not read by fragment shader

[13Aug2025 17:03:01.635] [Render thread/INFO] [com.mojang.blaze3d.opengl.GlProgram/]: Info log when linking program containing VS minecraft:core/entity and FS minecraft:core/entity. Log output: WARNING: Could not find vertex shader attribute 'Normal' to match BindAttributeLocation request.

[13Aug2025 17:03:01.637] [Render thread/INFO] [com.mojang.blaze3d.opengl.GlProgram/]: Info log when linking program containing VS minecraft:core/rendertype_entity_shadow and FS minecraft:core/rendertype_entity_shadow. Log output: WARNING: Could not find vertex shader attribute 'UV1' to match BindAttributeLocation request.
WARNING: Could not find vertex shader attribute 'Normal' to match BindAttributeLocation request.
WARNING: Could not find vertex shader attribute 'UV2' to match BindAttributeLocation request.

[13Aug2025 17:03:01.640] [Render thread/INFO] [com.mojang.blaze3d.opengl.GlProgram/]: Info log when linking program containing VS minecraft:core/rendertype_item_entity_translucent_cull and FS minecraft:core/rendertype_item_entity_translucent_cull. Log output: WARNING: Output of vertex shader 'texCoord1' not read by fragment shader
WARNING: Output of vertex shader 'texCoord2' not read by fragment shader

[13Aug2025 17:03:01.642] [Render thread/INFO] [com.mojang.blaze3d.opengl.GlProgram/]: Info log when linking program containing VS minecraft:core/rendertype_text_see_through and FS minecraft:core/rendertype_text_see_through. Log output: WARNING: Could not find vertex shader attribute 'UV2' to match BindAttributeLocation request.

[13Aug2025 17:03:01.647] [Render thread/INFO] [com.mojang.blaze3d.opengl.GlProgram/]: Info log when linking program containing VS minecraft:core/rendertype_text_intensity_see_through and FS minecraft:core/rendertype_text_intensity_see_through. Log output: WARNING: Could not find vertex shader attribute 'UV2' to match BindAttributeLocation request.

[13Aug2025 17:03:01.649] [Render thread/INFO] [com.mojang.blaze3d.opengl.GlProgram/]: Info log when linking program containing VS minecraft:core/entity and FS minecraft:core/entity. Log output: WARNING: Output of vertex shader 'overlayColor' not read by fragment shader

[13Aug2025 17:03:01.652] [Render thread/INFO] [com.mojang.blaze3d.opengl.GlProgram/]: Info log when linking program containing VS minecraft:core/rendertype_beacon_beam and FS minecraft:core/rendertype_beacon_beam. Log output: WARNING: Could not find vertex shader attribute 'Normal' to match BindAttributeLocation request.
WARNING: Could not find vertex shader attribute 'UV2' to match BindAttributeLocation request.

[13Aug2025 17:03:01.658] [Render thread/INFO] [com.mojang.blaze3d.opengl.GlProgram/]: Info log when linking program containing VS minecraft:core/rendertype_entity_alpha and FS minecraft:core/rendertype_entity_alpha. Log output: WARNING: Could not find vertex shader attribute 'Normal' to match BindAttributeLocation request.
WARNING: Output of vertex shader 'texCoord1' not read by fragment shader
WARNING: Output of vertex shader 'texCoord2' not read by fragment shader

[13Aug2025 17:03:01.659] [Render thread/INFO] [com.mojang.blaze3d.opengl.GlProgram/]: Info log when linking program containing VS minecraft:core/rendertype_beacon_beam and FS minecraft:core/rendertype_beacon_beam. Log output: WARNING: Could not find vertex shader attribute 'Normal' to match BindAttributeLocation request.
WARNING: Could not find vertex shader attribute 'UV2' to match BindAttributeLocation request.

[13Aug2025 17:03:01.665] [Render thread/INFO] [com.mojang.blaze3d.opengl.GlProgram/]: Info log when linking program containing VS minecraft:core/rendertype_crumbling and FS minecraft:core/rendertype_crumbling. Log output: WARNING: Could not find vertex shader attribute 'Normal' to match BindAttributeLocation request.
WARNING: Output of vertex shader 'texCoord2' not read by fragment shader

[13Aug2025 17:03:01.756] [Render thread/INFO] [com.mojang.blaze3d.audio.Library/]: OpenAL initialized on device MacBook Pro Speakers
[13Aug2025 17:03:01.759] [Render thread/INFO] [net.minecraft.client.sounds.SoundEngine/SOUNDS]: Sound engine started
[13Aug2025 17:03:01.816] [Render thread/INFO] [net.minecraft.client.renderer.texture.TextureAtlas/]: Created: 1024x512x4 minecraft:textures/atlas/blocks.png-atlas
[13Aug2025 17:03:01.829] [Render thread/INFO] [net.minecraft.client.renderer.texture.TextureAtlas/]: Created: 256x256x4 minecraft:textures/atlas/signs.png-atlas
[13Aug2025 17:03:01.830] [Render thread/INFO] [net.minecraft.client.renderer.texture.TextureAtlas/]: Created: 512x512x4 minecraft:textures/atlas/shield_patterns.png-atlas
[13Aug2025 17:03:01.830] [Render thread/INFO] [net.minecraft.client.renderer.texture.TextureAtlas/]: Created: 512x512x4 minecraft:textures/atlas/banner_patterns.png-atlas
[13Aug2025 17:03:01.831] [Render thread/INFO] [net.minecraft.client.renderer.texture.TextureAtlas/]: Created: 2048x1024x4 minecraft:textures/atlas/armor_trims.png-atlas
[13Aug2025 17:03:01.836] [Render thread/INFO] [net.minecraft.client.renderer.texture.TextureAtlas/]: Created: 256x256x4 minecraft:textures/atlas/chest.png-atlas
[13Aug2025 17:03:01.836] [Render thread/INFO] [net.minecraft.client.renderer.texture.TextureAtlas/]: Created: 128x64x4 minecraft:textures/atlas/decorated_pot.png-atlas
[13Aug2025 17:03:01.836] [Render thread/INFO] [net.minecraft.client.renderer.texture.TextureAtlas/]: Created: 512x256x4 minecraft:textures/atlas/shulker_boxes.png-atlas
[13Aug2025 17:03:01.837] [Render thread/INFO] [net.minecraft.client.renderer.texture.TextureAtlas/]: Created: 512x256x4 minecraft:textures/atlas/beds.png-atlas
[13Aug2025 17:03:01.838] [Render thread/WARN] [net.minecraft.client.resources.model.ModelManager/]: No model loaded for default item model ID happy_airships:oak_dispenser_boat of happy_airships:oak_dispenser_boat
[13Aug2025 17:03:01.838] [Render thread/INFO] [net.minecraft.client.renderer.texture.TextureAtlas/]: Created: 64x64x0 minecraft:textures/atlas/map_decorations.png-atlas
[13Aug2025 17:03:01.879] [Render thread/INFO] [net.minecraft.client.renderer.texture.TextureAtlas/]: Created: 512x256x0 minecraft:textures/atlas/particles.png-atlas
[13Aug2025 17:03:01.880] [Render thread/INFO] [net.minecraft.client.renderer.texture.TextureAtlas/]: Created: 512x256x0 minecraft:textures/atlas/paintings.png-atlas
[13Aug2025 17:03:01.880] [Render thread/INFO] [net.minecraft.client.renderer.texture.TextureAtlas/]: Created: 1024x512x0 minecraft:textures/atlas/gui.png-atlas
[13Aug2025 17:03:01.883] [Render thread/INFO] [net.neoforged.neoforge.client.entity.animation.json.AnimationLoader/]: Loaded 0 entity animations
[13Aug2025 17:03:06.010] [Render thread/INFO] [net.minecraft.world.item.crafting.RecipeManager/]: Loaded 1424 recipes
[13Aug2025 17:03:06.018] [Render thread/INFO] [net.minecraft.advancements.AdvancementTree/]: Loaded 1538 advancements
[13Aug2025 17:03:06.019] [Render thread/INFO] [net.neoforged.neoforge.common.crafting.RecipePriorityManager/]: Loaded 0 recipe priority overrides
[13Aug2025 17:03:06.124] [Server thread/INFO] [net.minecraft.client.server.IntegratedServer/]: Starting integrated minecraft server version 1.21.8
[13Aug2025 17:03:06.124] [Server thread/INFO] [net.minecraft.server.MinecraftServer/]: Generating keypair
[13Aug2025 17:03:06.379] [Server thread/INFO] [net.minecraft.server.MinecraftServer/]: Preparing start region for dimension minecraft:overworld
[13Aug2025 17:03:07.220] [progressListener/INFO] [net.minecraft.server.level.progress.LoggerChunkProgressListener/]: Preparing spawn area: 0%
[13Aug2025 17:03:07.220] [progressListener/INFO] [net.minecraft.server.level.progress.LoggerChunkProgressListener/]: Preparing spawn area: 0%
[13Aug2025 17:03:07.347] [Server thread/INFO] [net.neoforged.neoforge.server.permission.PermissionAPI/]: Successfully initialized permission handler neoforge:default_handler
[13Aug2025 17:03:07.364] [progressListener/INFO] [net.minecraft.server.level.progress.LoggerChunkProgressListener/]: Time elapsed: 974 ms
[13Aug2025 17:03:07.400] [Server thread/INFO] [net.minecraft.client.server.IntegratedServer/]: Changing view distance to 12, from 10
[13Aug2025 17:03:07.400] [Server thread/INFO] [net.minecraft.client.server.IntegratedServer/]: Changing simulation distance to 12, from 0
[13Aug2025 17:03:07.965] [Server thread/INFO] [net.minecraft.server.players.PlayerList/]: Dev[local:E:09bb1158] logged in with entity id 150 at (-736.7490537658455, 79.65748291355614, 117.81662032016332)
[13Aug2025 17:03:08.001] [Server thread/INFO] [net.minecraft.server.MinecraftServer/]: Dev joined the game
[13Aug2025 17:03:08.095] [Render thread/WARN] [net.minecraft.client.multiplayer.ClientPacketListener/]: Received passengers for unknown entity
[13Aug2025 17:03:08.150] [Render thread/INFO] [net.minecraft.client.renderer.DynamicUniformStorage/]: Resizing Dynamic Transforms UBO, capacity limit of 2 reached during a single frame. New capacity will be 4.
[13Aug2025 17:03:08.253] [Render thread/INFO] [net.minecraft.client.renderer.DynamicUniformStorage/]: Resizing Dynamic Transforms UBO, capacity limit of 4 reached during a single frame. New capacity will be 8.
[13Aug2025 17:03:08.258] [Render thread/INFO] [net.minecraft.advancements.AdvancementTree/]: Loaded 2 advancements
[13Aug2025 17:03:08.377] [Render thread/INFO] [net.minecraft.client.renderer.DynamicUniformStorage/]: Resizing Dynamic Transforms UBO, capacity limit of 8 reached during a single frame. New capacity will be 16.
[13Aug2025 17:03:08.381] [Render thread/INFO] [net.minecraft.client.renderer.DynamicUniformStorage/]: Resizing Dynamic Transforms UBO, capacity limit of 16 reached during a single frame. New capacity will be 32.
[13Aug2025 17:03:08.471] [Render thread/INFO] [net.minecraft.client.renderer.DynamicUniformStorage/]: Resizing Dynamic Transforms UBO, capacity limit of 32 reached during a single frame. New capacity will be 64.
[13Aug2025 17:03:08.593] [Render thread/INFO] [net.minecraft.client.renderer.DynamicUniformStorage/]: Resizing Dynamic Transforms UBO, capacity limit of 64 reached during a single frame. New capacity will be 128.
[13Aug2025 17:03:08.825] [Render thread/INFO] [net.minecraft.client.renderer.DynamicUniformStorage/]: Resizing Dynamic Transforms UBO, capacity limit of 128 reached during a single frame. New capacity will be 256.
[13Aug2025 17:03:09.691] [Render thread/INFO] [net.minecraft.client.renderer.DynamicUniformStorage/]: Resizing Dynamic Transforms UBO, capacity limit of 256 reached during a single frame. New capacity will be 512.
[13Aug2025 17:03:11.020] [Render thread/INFO] [net.minecraft.client.renderer.DynamicUniformStorage/]: Resizing Dynamic Transforms UBO, capacity limit of 512 reached during a single frame. New capacity will be 1024.
[13Aug2025 17:03:12.731] [Render thread/INFO] [net.minecraft.client.renderer.DynamicUniformStorage/]: Resizing Dynamic Transforms UBO, capacity limit of 1024 reached during a single frame. New capacity will be 2048.
[13Aug2025 17:03:57.518] [Server thread/INFO] [net.minecraft.world.entity.npc.Villager/]: Villager Villager['Villager'/189, l='ServerLevel[New World]', x=-734.01, y=65.00, z=111.68] died, message: 'Villager blew up'
[13Aug2025 17:03:57.542] [Render thread/INFO] [net.minecraft.world.entity.npc.Villager/]: Villager Villager['Villager'/189, l='ClientLevel', x=-734.40, y=65.00, z=111.77] died, message: 'Villager died'
[13Aug2025 17:04:35.111] [Server thread/INFO] [net.minecraft.world.entity.npc.Villager/]: Villager Villager['Nitwit'/119, l='ServerLevel[New World]', x=-700.16, y=61.42, z=115.70] died, message: 'Nitwit blew up'
[13Aug2025 17:04:35.126] [Render thread/INFO] [net.minecraft.world.entity.npc.Villager/]: Villager Villager['Nitwit'/119, l='ClientLevel', x=-699.73, y=61.18, z=115.64] died, message: 'Nitwit died'
[13Aug2025 17:05:23.904] [Server thread/INFO] [net.minecraft.client.server.IntegratedServer/]: Saving and pausing game...
[13Aug2025 17:05:23.914] [Server thread/INFO] [net.minecraft.server.MinecraftServer/]: Saving chunks for level 'ServerLevel[New World]'/minecraft:overworld
[13Aug2025 17:05:23.938] [Server thread/INFO] [net.minecraft.server.MinecraftServer/]: Saving chunks for level 'ServerLevel[New World]'/minecraft:the_end
[13Aug2025 17:05:23.939] [Server thread/INFO] [net.minecraft.server.MinecraftServer/]: Saving chunks for level 'ServerLevel[New World]'/minecraft:the_nether
[13Aug2025 17:05:24.630] [Server thread/INFO] [net.minecraft.server.network.ServerGamePacketListenerImpl/]: Dev lost connection: Disconnected
[13Aug2025 17:05:24.630] [Server thread/INFO] [net.minecraft.server.MinecraftServer/]: Dev left the game
[13Aug2025 17:05:24.673] [Server thread/INFO] [net.minecraft.server.network.ServerCommonPacketListenerImpl/]: Stopping singleplayer server as player logged out
[13Aug2025 17:05:24.740] [Server thread/INFO] [net.minecraft.server.MinecraftServer/]: Stopping server
[13Aug2025 17:05:24.755] [Server thread/INFO] [net.minecraft.server.MinecraftServer/]: Saving players
[13Aug2025 17:05:24.756] [Server thread/INFO] [net.minecraft.server.MinecraftServer/]: Saving worlds
[13Aug2025 17:05:25.738] [Server thread/INFO] [net.minecraft.server.MinecraftServer/]: Saving chunks for level 'ServerLevel[New World]'/minecraft:overworld
[13Aug2025 17:05:25.929] [Server thread/INFO] [net.minecraft.server.MinecraftServer/]: Saving chunks for level 'ServerLevel[New World]'/minecraft:the_end
[13Aug2025 17:05:25.940] [Server thread/INFO] [net.minecraft.server.MinecraftServer/]: Saving chunks for level 'ServerLevel[New World]'/minecraft:the_nether
[13Aug2025 17:05:25.952] [Server thread/INFO] [net.minecraft.server.MinecraftServer/]: ThreadedAnvilChunkStorage (New World): All chunks are saved
[13Aug2025 17:05:25.952] [Server thread/INFO] [net.minecraft.server.MinecraftServer/]: ThreadedAnvilChunkStorage (DIM1): All chunks are saved
[13Aug2025 17:05:25.952] [Server thread/INFO] [net.minecraft.server.MinecraftServer/]: ThreadedAnvilChunkStorage (DIM-1): All chunks are saved
[13Aug2025 17:05:25.952] [Server thread/INFO] [net.minecraft.server.MinecraftServer/]: ThreadedAnvilChunkStorage: All dimensions are saved
[13Aug2025 17:05:28.438] [Render thread/INFO] [net.minecraft.client.Minecraft/]: Stopping!
